<?xml version="1.0" encoding="UTF-8"?>
<testng-results ignored="0" total="2" passed="2" failed="0" skipped="0">
  <reporter-output>
  </reporter-output>
  <suite started-at="2024-09-29T12:04:05 IST" name="Suite" finished-at="2024-09-29T12:04:41 IST" duration-ms="35948">
    <groups>
    </groups>
    <test started-at="2024-09-29T12:04:05 IST" name="Test" finished-at="2024-09-29T12:04:41 IST" duration-ms="35948">
      <class name="tests.DoodleTest">
        <test-method is-config="true" signature="setUp()[pri:0, instance:tests.DoodleTest@3e8c3cb]" started-at="2024-09-29T12:04:05 IST" name="setUp" finished-at="2024-09-29T12:04:07 IST" duration-ms="1547" status="PASS">
          <reporter-output>
          </reporter-output>
        </test-method> <!-- setUp -->
        <test-method signature="test()[pri:0, instance:tests.DoodleTest@3e8c3cb]" started-at="2024-09-29T12:04:07 IST" name="test" finished-at="2024-09-29T12:04:32 IST" duration-ms="25169" status="PASS">
          <reporter-output>
          </reporter-output>
        </test-method> <!-- test -->
        <test-method is-config="true" signature="tearDown()[pri:0, instance:tests.DoodleTest@3e8c3cb]" started-at="2024-09-29T12:04:41 IST" name="tearDown" finished-at="2024-09-29T12:04:41 IST" duration-ms="297" status="PASS">
          <reporter-output>
          </reporter-output>
        </test-method> <!-- tearDown -->
      </class> <!-- tests.DoodleTest -->
      <class name="tests.ChromeSettingsTest">
        <test-method signature="test()[pri:0, instance:tests.ChromeSettingsTest@7ef82753]" started-at="2024-09-29T12:04:32 IST" name="test" finished-at="2024-09-29T12:04:41 IST" duration-ms="8883" status="PASS">
          <reporter-output>
          </reporter-output>
        </test-method> <!-- test -->
      </class> <!-- tests.ChromeSettingsTest -->
    </test> <!-- Test -->
  </suite> <!-- Suite -->
</testng-results>
