<?xml version="1.0" encoding="UTF-8"?>
<testng-results ignored="0" total="1" passed="1" failed="0" skipped="0">
  <reporter-output>
  </reporter-output>
  <suite started-at="2024-09-29T10:56:52 IST" name="Default suite" finished-at="2024-09-29T10:57:22 IST" duration-ms="29364">
    <groups>
    </groups>
    <test started-at="2024-09-29T10:56:52 IST" name="Default test" finished-at="2024-09-29T10:57:22 IST" duration-ms="29364">
      <class name="tests.HandsOnTest">
        <test-method is-config="true" signature="setUp()[pri:0, instance:tests.HandsOnTest@2cf3d63b]" started-at="2024-09-29T10:56:52 IST" name="setUp" finished-at="2024-09-29T10:56:55 IST" duration-ms="2192" status="PASS">
          <reporter-output>
          </reporter-output>
        </test-method> <!-- setUp -->
        <test-method signature="test()[pri:0, instance:tests.HandsOnTest@2cf3d63b]" started-at="2024-09-29T10:56:55 IST" name="test" finished-at="2024-09-29T10:57:21 IST" duration-ms="26710" status="PASS">
          <reporter-output>
          </reporter-output>
        </test-method> <!-- test -->
        <test-method is-config="true" signature="tearDown()[pri:0, instance:tests.HandsOnTest@2cf3d63b]" started-at="2024-09-29T10:57:21 IST" name="tearDown" finished-at="2024-09-29T10:57:22 IST" duration-ms="400" status="PASS">
          <reporter-output>
          </reporter-output>
        </test-method> <!-- tearDown -->
      </class> <!-- tests.HandsOnTest -->
    </test> <!-- Default test -->
  </suite> <!-- Default suite -->
</testng-results>
